{"/home/navi/Code/state-switcher/src/USStateConverter.ts": {"path":"/home/navi/Code/state-switcher/src/USStateConverter.ts","all":false,"statementMap":{"0":{"start":{"line":1,"column":0},"end":{"line":1,"column":59}},"11":{"start":{"line":12,"column":0},"end":{"line":12,"column":31}},"12":{"start":{"line":13,"column":0},"end":{"line":13,"column":51}},"13":{"start":{"line":14,"column":0},"end":{"line":14,"column":190}},"14":{"start":{"line":15,"column":0},"end":{"line":15,"column":192}},"15":{"start":{"line":16,"column":0},"end":{"line":16,"column":186}},"16":{"start":{"line":17,"column":0},"end":{"line":17,"column":144}},"17":{"start":{"line":18,"column":0},"end":{"line":18,"column":3}},"19":{"start":{"line":20,"column":0},"end":{"line":20,"column":76}},"20":{"start":{"line":21,"column":0},"end":{"line":21,"column":153}},"21":{"start":{"line":22,"column":0},"end":{"line":22,"column":153}},"22":{"start":{"line":23,"column":0},"end":{"line":23,"column":26}},"23":{"start":{"line":24,"column":0},"end":{"line":24,"column":4}},"25":{"start":{"line":26,"column":0},"end":{"line":26,"column":27}},"27":{"start":{"line":28,"column":0},"end":{"line":28,"column":45}},"28":{"start":{"line":29,"column":0},"end":{"line":29,"column":23}},"29":{"start":{"line":30,"column":0},"end":{"line":30,"column":3}},"31":{"start":{"line":32,"column":0},"end":{"line":32,"column":70}},"32":{"start":{"line":33,"column":0},"end":{"line":33,"column":35}},"33":{"start":{"line":34,"column":0},"end":{"line":34,"column":3}},"35":{"start":{"line":36,"column":0},"end":{"line":36,"column":93}},"36":{"start":{"line":37,"column":0},"end":{"line":37,"column":83}},"37":{"start":{"line":38,"column":0},"end":{"line":38,"column":3}},"39":{"start":{"line":40,"column":0},"end":{"line":40,"column":118}},"40":{"start":{"line":41,"column":0},"end":{"line":41,"column":123}},"41":{"start":{"line":42,"column":0},"end":{"line":42,"column":3}},"43":{"start":{"line":44,"column":0},"end":{"line":44,"column":67}},"44":{"start":{"line":45,"column":0},"end":{"line":45,"column":190}},"45":{"start":{"line":46,"column":0},"end":{"line":46,"column":190}},"46":{"start":{"line":47,"column":0},"end":{"line":47,"column":188}},"47":{"start":{"line":48,"column":0},"end":{"line":48,"column":160}},"48":{"start":{"line":49,"column":0},"end":{"line":49,"column":190}},"49":{"start":{"line":50,"column":0},"end":{"line":50,"column":193}},"50":{"start":{"line":51,"column":0},"end":{"line":51,"column":43}},"51":{"start":{"line":52,"column":0},"end":{"line":52,"column":5}},"53":{"start":{"line":54,"column":0},"end":{"line":54,"column":67}},"54":{"start":{"line":55,"column":0},"end":{"line":55,"column":41}},"55":{"start":{"line":56,"column":0},"end":{"line":56,"column":40}},"56":{"start":{"line":57,"column":0},"end":{"line":57,"column":11}},"57":{"start":{"line":58,"column":0},"end":{"line":58,"column":55}},"58":{"start":{"line":59,"column":0},"end":{"line":59,"column":54}},"59":{"start":{"line":60,"column":0},"end":{"line":60,"column":9}},"61":{"start":{"line":62,"column":0},"end":{"line":62,"column":55}},"62":{"start":{"line":63,"column":0},"end":{"line":63,"column":52}},"63":{"start":{"line":64,"column":0},"end":{"line":64,"column":33}},"64":{"start":{"line":65,"column":0},"end":{"line":65,"column":95}},"65":{"start":{"line":66,"column":0},"end":{"line":66,"column":36}},"66":{"start":{"line":67,"column":0},"end":{"line":67,"column":36}},"67":{"start":{"line":68,"column":0},"end":{"line":68,"column":23}},"68":{"start":{"line":69,"column":0},"end":{"line":69,"column":74}},"69":{"start":{"line":70,"column":0},"end":{"line":70,"column":7}},"70":{"start":{"line":71,"column":0},"end":{"line":71,"column":5}},"71":{"start":{"line":72,"column":0},"end":{"line":72,"column":106}},"72":{"start":{"line":73,"column":0},"end":{"line":73,"column":57}},"73":{"start":{"line":74,"column":0},"end":{"line":74,"column":73}},"75":{"start":{"line":76,"column":0},"end":{"line":76,"column":24}},"76":{"start":{"line":77,"column":0},"end":{"line":77,"column":3}},"78":{"start":{"line":79,"column":0},"end":{"line":79,"column":89}},"79":{"start":{"line":80,"column":0},"end":{"line":80,"column":40}},"80":{"start":{"line":81,"column":0},"end":{"line":81,"column":44}},"81":{"start":{"line":82,"column":0},"end":{"line":82,"column":11}},"82":{"start":{"line":83,"column":0},"end":{"line":83,"column":57}},"84":{"start":{"line":85,"column":0},"end":{"line":85,"column":60}},"85":{"start":{"line":86,"column":0},"end":{"line":86,"column":44}},"86":{"start":{"line":87,"column":0},"end":{"line":87,"column":77}},"87":{"start":{"line":88,"column":0},"end":{"line":88,"column":110}},"88":{"start":{"line":89,"column":0},"end":{"line":89,"column":36}},"89":{"start":{"line":90,"column":0},"end":{"line":90,"column":28}},"90":{"start":{"line":91,"column":0},"end":{"line":91,"column":23}},"91":{"start":{"line":92,"column":0},"end":{"line":92,"column":79}},"92":{"start":{"line":93,"column":0},"end":{"line":93,"column":7}},"93":{"start":{"line":94,"column":0},"end":{"line":94,"column":5}},"94":{"start":{"line":95,"column":0},"end":{"line":95,"column":107}},"95":{"start":{"line":96,"column":0},"end":{"line":96,"column":96}},"96":{"start":{"line":97,"column":0},"end":{"line":97,"column":71}},"98":{"start":{"line":99,"column":0},"end":{"line":99,"column":17}},"99":{"start":{"line":100,"column":0},"end":{"line":100,"column":3}},"101":{"start":{"line":102,"column":0},"end":{"line":102,"column":24}},"105":{"start":{"line":106,"column":0},"end":{"line":106,"column":24}},"106":{"start":{"line":107,"column":0},"end":{"line":107,"column":5}},"107":{"start":{"line":108,"column":0},"end":{"line":108,"column":14}},"108":{"start":{"line":109,"column":0},"end":{"line":109,"column":29}},"109":{"start":{"line":110,"column":0},"end":{"line":110,"column":55}},"110":{"start":{"line":111,"column":0},"end":{"line":111,"column":69}},"111":{"start":{"line":112,"column":0},"end":{"line":112,"column":5}},"112":{"start":{"line":113,"column":0},"end":{"line":113,"column":24}},"113":{"start":{"line":114,"column":0},"end":{"line":114,"column":97}},"118":{"start":{"line":119,"column":0},"end":{"line":119,"column":6}},"120":{"start":{"line":121,"column":0},"end":{"line":121,"column":24}},"121":{"start":{"line":122,"column":0},"end":{"line":122,"column":82}},"126":{"start":{"line":127,"column":0},"end":{"line":127,"column":5}},"127":{"start":{"line":128,"column":0},"end":{"line":128,"column":61}},"128":{"start":{"line":129,"column":0},"end":{"line":129,"column":3}},"129":{"start":{"line":130,"column":0},"end":{"line":130,"column":1}},"131":{"start":{"line":132,"column":0},"end":{"line":132,"column":28}},"132":{"start":{"line":133,"column":0},"end":{"line":133,"column":34}},"133":{"start":{"line":134,"column":0},"end":{"line":134,"column":58}},"134":{"start":{"line":135,"column":0},"end":{"line":135,"column":37}},"135":{"start":{"line":136,"column":0},"end":{"line":136,"column":1}},"136":{"start":{"line":137,"column":0},"end":{"line":137,"column":27}},"137":{"start":{"line":138,"column":0},"end":{"line":138,"column":40}},"138":{"start":{"line":139,"column":0},"end":{"line":139,"column":63}},"139":{"start":{"line":140,"column":0},"end":{"line":140,"column":1}},"141":{"start":{"line":142,"column":0},"end":{"line":142,"column":56}}},"s":{"0":1,"11":1,"12":1,"13":1,"14":1,"15":1,"16":1,"17":1,"19":1,"20":1,"21":1,"22":1,"23":1,"25":1,"27":1,"28":0,"29":0,"31":1,"32":0,"33":0,"35":1,"36":24,"37":24,"39":1,"40":24,"41":24,"43":1,"44":1,"45":1,"46":1,"47":1,"48":1,"49":1,"50":1,"51":1,"53":1,"54":12,"55":12,"56":6,"57":6,"58":3,"59":3,"61":3,"62":3,"63":3,"64":6,"65":1,"66":1,"67":6,"68":2,"69":2,"70":6,"71":12,"72":7,"73":12,"75":7,"76":12,"78":1,"79":11,"80":11,"81":5,"82":5,"84":2,"85":2,"86":5,"87":5,"88":1,"89":1,"90":1,"91":1,"92":1,"93":5,"94":11,"95":7,"96":11,"98":7,"99":11,"101":1,"105":23,"106":23,"107":23,"108":7,"109":4,"110":3,"111":7,"112":23,"113":11,"118":23,"120":12,"121":12,"126":12,"127":0,"128":23,"129":1,"131":1,"132":1,"133":1,"134":1,"135":1,"136":1,"137":1,"138":1,"139":1,"141":1},"branchMap":{"0":{"type":"branch","line":12,"loc":{"start":{"line":12,"column":30},"end":{"line":130,"column":1}},"locations":[{"start":{"line":12,"column":30},"end":{"line":130,"column":1}}]},"1":{"type":"branch","line":36,"loc":{"start":{"line":36,"column":16},"end":{"line":38,"column":3}},"locations":[{"start":{"line":36,"column":16},"end":{"line":38,"column":3}}]},"2":{"type":"branch","line":37,"loc":{"start":{"line":37,"column":39},"end":{"line":37,"column":83}},"locations":[{"start":{"line":37,"column":39},"end":{"line":37,"column":83}}]},"3":{"type":"branch","line":40,"loc":{"start":{"line":40,"column":16},"end":{"line":42,"column":3}},"locations":[{"start":{"line":40,"column":16},"end":{"line":42,"column":3}}]},"4":{"type":"branch","line":41,"loc":{"start":{"line":41,"column":54},"end":{"line":41,"column":123}},"locations":[{"start":{"line":41,"column":54},"end":{"line":41,"column":123}}]},"5":{"type":"branch","line":54,"loc":{"start":{"line":54,"column":19},"end":{"line":77,"column":3}},"locations":[{"start":{"line":54,"column":19},"end":{"line":77,"column":3}}]},"6":{"type":"branch","line":56,"loc":{"start":{"line":56,"column":39},"end":{"line":71,"column":5}},"locations":[{"start":{"line":56,"column":39},"end":{"line":71,"column":5}}]},"7":{"type":"branch","line":58,"loc":{"start":{"line":58,"column":54},"end":{"line":65,"column":24}},"locations":[{"start":{"line":58,"column":54},"end":{"line":65,"column":24}}]},"8":{"type":"branch","line":65,"loc":{"start":{"line":65,"column":13},"end":{"line":65,"column":45}},"locations":[{"start":{"line":65,"column":13},"end":{"line":65,"column":45}}]},"9":{"type":"branch","line":65,"loc":{"start":{"line":65,"column":45},"end":{"line":65,"column":95}},"locations":[{"start":{"line":65,"column":45},"end":{"line":65,"column":95}}]},"10":{"type":"branch","line":65,"loc":{"start":{"line":65,"column":93},"end":{"line":68,"column":15}},"locations":[{"start":{"line":65,"column":93},"end":{"line":68,"column":15}}]},"11":{"type":"branch","line":68,"loc":{"start":{"line":68,"column":6},"end":{"line":70,"column":7}},"locations":[{"start":{"line":68,"column":6},"end":{"line":70,"column":7}}]},"12":{"type":"branch","line":71,"loc":{"start":{"line":71,"column":4},"end":{"line":72,"column":56}},"locations":[{"start":{"line":71,"column":4},"end":{"line":72,"column":56}}]},"13":{"type":"branch","line":72,"loc":{"start":{"line":72,"column":56},"end":{"line":72,"column":106}},"locations":[{"start":{"line":72,"column":56},"end":{"line":72,"column":106}}]},"14":{"type":"branch","line":72,"loc":{"start":{"line":72,"column":104},"end":{"line":74,"column":29}},"locations":[{"start":{"line":72,"column":104},"end":{"line":74,"column":29}}]},"15":{"type":"branch","line":74,"loc":{"start":{"line":74,"column":23},"end":{"line":74,"column":73}},"locations":[{"start":{"line":74,"column":23},"end":{"line":74,"column":73}}]},"16":{"type":"branch","line":74,"loc":{"start":{"line":74,"column":71},"end":{"line":76,"column":24}},"locations":[{"start":{"line":74,"column":71},"end":{"line":76,"column":24}}]},"17":{"type":"branch","line":79,"loc":{"start":{"line":79,"column":19},"end":{"line":100,"column":3}},"locations":[{"start":{"line":79,"column":19},"end":{"line":100,"column":3}}]},"18":{"type":"branch","line":81,"loc":{"start":{"line":81,"column":43},"end":{"line":94,"column":5}},"locations":[{"start":{"line":81,"column":43},"end":{"line":94,"column":5}}]},"19":{"type":"branch","line":83,"loc":{"start":{"line":83,"column":34},"end":{"line":83,"column":57}},"locations":[{"start":{"line":83,"column":34},"end":{"line":83,"column":57}}]},"20":{"type":"branch","line":83,"loc":{"start":{"line":83,"column":41},"end":{"line":87,"column":28}},"locations":[{"start":{"line":83,"column":41},"end":{"line":87,"column":28}}]},"21":{"type":"branch","line":87,"loc":{"start":{"line":87,"column":22},"end":{"line":88,"column":34}},"locations":[{"start":{"line":87,"column":22},"end":{"line":88,"column":34}}]},"22":{"type":"branch","line":88,"loc":{"start":{"line":88,"column":29},"end":{"line":88,"column":55}},"locations":[{"start":{"line":88,"column":29},"end":{"line":88,"column":55}}]},"23":{"type":"branch","line":88,"loc":{"start":{"line":88,"column":55},"end":{"line":88,"column":110}},"locations":[{"start":{"line":88,"column":55},"end":{"line":88,"column":110}}]},"24":{"type":"branch","line":88,"loc":{"start":{"line":88,"column":108},"end":{"line":93,"column":7}},"locations":[{"start":{"line":88,"column":108},"end":{"line":93,"column":7}}]},"25":{"type":"branch","line":94,"loc":{"start":{"line":94,"column":4},"end":{"line":95,"column":52}},"locations":[{"start":{"line":94,"column":4},"end":{"line":95,"column":52}}]},"26":{"type":"branch","line":95,"loc":{"start":{"line":95,"column":52},"end":{"line":95,"column":107}},"locations":[{"start":{"line":95,"column":52},"end":{"line":95,"column":107}}]},"27":{"type":"branch","line":95,"loc":{"start":{"line":95,"column":105},"end":{"line":96,"column":96}},"locations":[{"start":{"line":95,"column":105},"end":{"line":96,"column":96}}]},"28":{"type":"branch","line":97,"loc":{"start":{"line":97,"column":16},"end":{"line":97,"column":71}},"locations":[{"start":{"line":97,"column":16},"end":{"line":97,"column":71}}]},"29":{"type":"branch","line":97,"loc":{"start":{"line":97,"column":69},"end":{"line":99,"column":17}},"locations":[{"start":{"line":97,"column":69},"end":{"line":99,"column":17}}]},"30":{"type":"branch","line":96,"loc":{"start":{"line":96,"column":52},"end":{"line":96,"column":89}},"locations":[{"start":{"line":96,"column":52},"end":{"line":96,"column":89}}]},"31":{"type":"branch","line":102,"loc":{"start":{"line":102,"column":16},"end":{"line":129,"column":3}},"locations":[{"start":{"line":102,"column":16},"end":{"line":129,"column":3}}]},"32":{"type":"branch","line":108,"loc":{"start":{"line":108,"column":13},"end":{"line":112,"column":5}},"locations":[{"start":{"line":108,"column":13},"end":{"line":112,"column":5}}]},"33":{"type":"branch","line":109,"loc":{"start":{"line":109,"column":27},"end":{"line":110,"column":55}},"locations":[{"start":{"line":109,"column":27},"end":{"line":110,"column":55}}]},"34":{"type":"branch","line":110,"loc":{"start":{"line":110,"column":11},"end":{"line":111,"column":69}},"locations":[{"start":{"line":110,"column":11},"end":{"line":111,"column":69}}]},"35":{"type":"branch","line":113,"loc":{"start":{"line":113,"column":23},"end":{"line":119,"column":5}},"locations":[{"start":{"line":113,"column":23},"end":{"line":119,"column":5}}]},"36":{"type":"branch","line":119,"loc":{"start":{"line":119,"column":4},"end":{"line":127,"column":5}},"locations":[{"start":{"line":119,"column":4},"end":{"line":127,"column":5}}]},"37":{"type":"branch","line":127,"loc":{"start":{"line":127,"column":4},"end":{"line":128,"column":61}},"locations":[{"start":{"line":127,"column":4},"end":{"line":128,"column":61}}]}},"b":{"0":[1],"1":[24],"2":[18],"3":[24],"4":[19],"5":[12],"6":[6],"7":[3],"8":[1],"9":[2],"10":[1],"11":[2],"12":[7],"13":[0],"14":[7],"15":[0],"16":[7],"17":[11],"18":[5],"19":[3],"20":[2],"21":[1],"22":[0],"23":[0],"24":[1],"25":[7],"26":[0],"27":[7],"28":[0],"29":[7],"30":[189],"31":[23],"32":[7],"33":[4],"34":[3],"35":[11],"36":[12],"37":[0]},"fnMap":{"0":{"name":"<static_initializer>","decl":{"start":{"line":12,"column":30},"end":{"line":130,"column":1}},"loc":{"start":{"line":12,"column":30},"end":{"line":130,"column":1}},"line":12},"1":{"name":"USStateConverter","decl":{"start":{"line":26,"column":10},"end":{"line":26,"column":27}},"loc":{"start":{"line":26,"column":10},"end":{"line":26,"column":27}},"line":26},"2":{"name":"getStates","decl":{"start":{"line":28,"column":16},"end":{"line":30,"column":3}},"loc":{"start":{"line":28,"column":16},"end":{"line":30,"column":3}},"line":28},"3":{"name":"getStateAbbreviations","decl":{"start":{"line":32,"column":16},"end":{"line":34,"column":3}},"loc":{"start":{"line":32,"column":16},"end":{"line":34,"column":3}},"line":32},"4":{"name":"isUSState","decl":{"start":{"line":36,"column":16},"end":{"line":38,"column":3}},"loc":{"start":{"line":36,"column":16},"end":{"line":38,"column":3}},"line":36},"5":{"name":"isUSStateAbbreviation","decl":{"start":{"line":40,"column":16},"end":{"line":42,"column":3}},"loc":{"start":{"line":40,"column":16},"end":{"line":42,"column":3}},"line":40},"6":{"name":"convertToAbbreviation","decl":{"start":{"line":54,"column":19},"end":{"line":77,"column":3}},"loc":{"start":{"line":54,"column":19},"end":{"line":77,"column":3}},"line":54},"7":{"name":"expandStateAbbreviation","decl":{"start":{"line":79,"column":19},"end":{"line":100,"column":3}},"loc":{"start":{"line":79,"column":19},"end":{"line":100,"column":3}},"line":79},"8":{"name":"convert","decl":{"start":{"line":102,"column":16},"end":{"line":129,"column":3}},"loc":{"start":{"line":102,"column":16},"end":{"line":129,"column":3}},"line":102}},"f":{"0":1,"1":0,"2":0,"3":0,"4":24,"5":24,"6":12,"7":11,"8":23}}
}
