{"total": {"lines":{"total":103,"covered":94,"skipped":0,"pct":91.26},"statements":{"total":103,"covered":94,"skipped":0,"pct":91.26},"functions":{"total":9,"covered":6,"skipped":0,"pct":66.66},"branches":{"total":36,"covered":27,"skipped":0,"pct":75},"branchesTrue":{"total":0,"covered":0,"skipped":0,"pct":"Unknown"}}
,"/home/navi/Code/state-switcher/src/USStateConverter.ts": {"lines":{"total":103,"covered":94,"skipped":0,"pct":91.26},"functions":{"total":9,"covered":6,"skipped":0,"pct":66.66},"statements":{"total":103,"covered":94,"skipped":0,"pct":91.26},"branches":{"total":36,"covered":27,"skipped":0,"pct":75}}
}
