{"total": {"lines":{"total":104,"covered":99,"skipped":0,"pct":95.19},"statements":{"total":104,"covered":99,"skipped":0,"pct":95.19},"functions":{"total":9,"covered":6,"skipped":0,"pct":66.66},"branches":{"total":38,"covered":31,"skipped":0,"pct":81.57},"branchesTrue":{"total":0,"covered":0,"skipped":0,"pct":"Unknown"}}
,"/home/navi/Code/state-switcher/src/USStateConverter.ts": {"lines":{"total":104,"covered":99,"skipped":0,"pct":95.19},"functions":{"total":9,"covered":6,"skipped":0,"pct":66.66},"statements":{"total":104,"covered":99,"skipped":0,"pct":95.19},"branches":{"total":38,"covered":31,"skipped":0,"pct":81.57}}
}
