{"/home/navi/Code/state-switcher/src/USStateConverter.ts": {"path":"/home/navi/Code/state-switcher/src/USStateConverter.ts","all":false,"statementMap":{"0":{"start":{"line":1,"column":0},"end":{"line":1,"column":46}},"11":{"start":{"line":12,"column":0},"end":{"line":12,"column":31}},"12":{"start":{"line":13,"column":0},"end":{"line":13,"column":51}},"13":{"start":{"line":14,"column":0},"end":{"line":14,"column":190}},"14":{"start":{"line":15,"column":0},"end":{"line":15,"column":192}},"15":{"start":{"line":16,"column":0},"end":{"line":16,"column":186}},"16":{"start":{"line":17,"column":0},"end":{"line":17,"column":144}},"17":{"start":{"line":18,"column":0},"end":{"line":18,"column":3}},"19":{"start":{"line":20,"column":0},"end":{"line":20,"column":76}},"20":{"start":{"line":21,"column":0},"end":{"line":21,"column":153}},"21":{"start":{"line":22,"column":0},"end":{"line":22,"column":153}},"22":{"start":{"line":23,"column":0},"end":{"line":23,"column":26}},"23":{"start":{"line":24,"column":0},"end":{"line":24,"column":4}},"25":{"start":{"line":26,"column":0},"end":{"line":26,"column":27}},"27":{"start":{"line":28,"column":0},"end":{"line":28,"column":45}},"28":{"start":{"line":29,"column":0},"end":{"line":29,"column":23}},"29":{"start":{"line":30,"column":0},"end":{"line":30,"column":3}},"31":{"start":{"line":32,"column":0},"end":{"line":32,"column":70}},"32":{"start":{"line":33,"column":0},"end":{"line":33,"column":35}},"33":{"start":{"line":34,"column":0},"end":{"line":34,"column":3}},"35":{"start":{"line":36,"column":0},"end":{"line":36,"column":93}},"36":{"start":{"line":37,"column":0},"end":{"line":37,"column":83}},"37":{"start":{"line":38,"column":0},"end":{"line":38,"column":3}},"39":{"start":{"line":40,"column":0},"end":{"line":40,"column":118}},"40":{"start":{"line":41,"column":0},"end":{"line":41,"column":123}},"41":{"start":{"line":42,"column":0},"end":{"line":42,"column":3}},"43":{"start":{"line":44,"column":0},"end":{"line":44,"column":67}},"44":{"start":{"line":45,"column":0},"end":{"line":45,"column":190}},"45":{"start":{"line":46,"column":0},"end":{"line":46,"column":190}},"46":{"start":{"line":47,"column":0},"end":{"line":47,"column":188}},"47":{"start":{"line":48,"column":0},"end":{"line":48,"column":160}},"48":{"start":{"line":49,"column":0},"end":{"line":49,"column":190}},"49":{"start":{"line":50,"column":0},"end":{"line":50,"column":193}},"50":{"start":{"line":51,"column":0},"end":{"line":51,"column":43}},"51":{"start":{"line":52,"column":0},"end":{"line":52,"column":5}},"53":{"start":{"line":54,"column":0},"end":{"line":54,"column":67}},"54":{"start":{"line":55,"column":0},"end":{"line":55,"column":41}},"55":{"start":{"line":56,"column":0},"end":{"line":56,"column":40}},"56":{"start":{"line":57,"column":0},"end":{"line":57,"column":11}},"57":{"start":{"line":58,"column":0},"end":{"line":58,"column":55}},"58":{"start":{"line":59,"column":0},"end":{"line":59,"column":54}},"59":{"start":{"line":60,"column":0},"end":{"line":60,"column":9}},"61":{"start":{"line":62,"column":0},"end":{"line":62,"column":48}},"62":{"start":{"line":63,"column":0},"end":{"line":63,"column":52}},"63":{"start":{"line":64,"column":0},"end":{"line":64,"column":95}},"64":{"start":{"line":65,"column":0},"end":{"line":65,"column":36}},"65":{"start":{"line":66,"column":0},"end":{"line":66,"column":36}},"66":{"start":{"line":67,"column":0},"end":{"line":67,"column":23}},"67":{"start":{"line":68,"column":0},"end":{"line":68,"column":74}},"68":{"start":{"line":69,"column":0},"end":{"line":69,"column":7}},"69":{"start":{"line":70,"column":0},"end":{"line":70,"column":5}},"70":{"start":{"line":71,"column":0},"end":{"line":71,"column":106}},"71":{"start":{"line":72,"column":0},"end":{"line":72,"column":57}},"72":{"start":{"line":73,"column":0},"end":{"line":73,"column":73}},"74":{"start":{"line":75,"column":0},"end":{"line":75,"column":24}},"75":{"start":{"line":76,"column":0},"end":{"line":76,"column":3}},"77":{"start":{"line":78,"column":0},"end":{"line":78,"column":89}},"78":{"start":{"line":79,"column":0},"end":{"line":79,"column":40}},"79":{"start":{"line":80,"column":0},"end":{"line":80,"column":44}},"80":{"start":{"line":81,"column":0},"end":{"line":81,"column":11}},"81":{"start":{"line":82,"column":0},"end":{"line":82,"column":57}},"83":{"start":{"line":84,"column":0},"end":{"line":84,"column":60}},"84":{"start":{"line":85,"column":0},"end":{"line":85,"column":44}},"85":{"start":{"line":86,"column":0},"end":{"line":86,"column":77}},"86":{"start":{"line":87,"column":0},"end":{"line":87,"column":110}},"87":{"start":{"line":88,"column":0},"end":{"line":88,"column":36}},"88":{"start":{"line":89,"column":0},"end":{"line":89,"column":28}},"89":{"start":{"line":90,"column":0},"end":{"line":90,"column":23}},"90":{"start":{"line":91,"column":0},"end":{"line":91,"column":79}},"91":{"start":{"line":92,"column":0},"end":{"line":92,"column":7}},"92":{"start":{"line":93,"column":0},"end":{"line":93,"column":5}},"93":{"start":{"line":94,"column":0},"end":{"line":94,"column":107}},"94":{"start":{"line":95,"column":0},"end":{"line":95,"column":96}},"95":{"start":{"line":96,"column":0},"end":{"line":96,"column":71}},"97":{"start":{"line":98,"column":0},"end":{"line":98,"column":17}},"98":{"start":{"line":99,"column":0},"end":{"line":99,"column":3}},"100":{"start":{"line":101,"column":0},"end":{"line":101,"column":24}},"104":{"start":{"line":105,"column":0},"end":{"line":105,"column":24}},"105":{"start":{"line":106,"column":0},"end":{"line":106,"column":5}},"106":{"start":{"line":107,"column":0},"end":{"line":107,"column":14}},"107":{"start":{"line":108,"column":0},"end":{"line":108,"column":29}},"108":{"start":{"line":109,"column":0},"end":{"line":109,"column":55}},"109":{"start":{"line":110,"column":0},"end":{"line":110,"column":69}},"110":{"start":{"line":111,"column":0},"end":{"line":111,"column":5}},"111":{"start":{"line":112,"column":0},"end":{"line":112,"column":24}},"112":{"start":{"line":113,"column":0},"end":{"line":113,"column":97}},"117":{"start":{"line":118,"column":0},"end":{"line":118,"column":6}},"119":{"start":{"line":120,"column":0},"end":{"line":120,"column":24}},"120":{"start":{"line":121,"column":0},"end":{"line":121,"column":82}},"125":{"start":{"line":126,"column":0},"end":{"line":126,"column":5}},"126":{"start":{"line":127,"column":0},"end":{"line":127,"column":61}},"127":{"start":{"line":128,"column":0},"end":{"line":128,"column":3}},"128":{"start":{"line":129,"column":0},"end":{"line":129,"column":1}},"130":{"start":{"line":131,"column":0},"end":{"line":131,"column":28}},"131":{"start":{"line":132,"column":0},"end":{"line":132,"column":34}},"132":{"start":{"line":133,"column":0},"end":{"line":133,"column":58}},"133":{"start":{"line":134,"column":0},"end":{"line":134,"column":37}},"134":{"start":{"line":135,"column":0},"end":{"line":135,"column":1}},"135":{"start":{"line":136,"column":0},"end":{"line":136,"column":27}},"136":{"start":{"line":137,"column":0},"end":{"line":137,"column":40}},"137":{"start":{"line":138,"column":0},"end":{"line":138,"column":63}},"138":{"start":{"line":139,"column":0},"end":{"line":139,"column":1}},"140":{"start":{"line":141,"column":0},"end":{"line":141,"column":56}}},"s":{"0":1,"11":1,"12":1,"13":1,"14":1,"15":1,"16":1,"17":1,"19":1,"20":1,"21":1,"22":1,"23":1,"25":1,"27":1,"28":0,"29":0,"31":1,"32":0,"33":0,"35":1,"36":22,"37":22,"39":1,"40":22,"41":22,"43":1,"44":1,"45":1,"46":1,"47":1,"48":1,"49":1,"50":1,"51":1,"53":1,"54":12,"55":12,"56":6,"57":6,"58":3,"59":3,"61":3,"62":3,"63":6,"64":0,"65":0,"66":6,"67":3,"68":3,"69":6,"70":12,"71":6,"72":12,"74":6,"75":12,"77":1,"78":10,"79":10,"80":4,"81":4,"83":1,"84":1,"85":1,"86":4,"87":0,"88":0,"89":4,"90":1,"91":1,"92":4,"93":10,"94":6,"95":10,"97":6,"98":10,"100":1,"104":22,"105":22,"106":22,"107":7,"108":4,"109":3,"110":7,"111":22,"112":10,"117":22,"119":12,"120":12,"125":12,"126":0,"127":22,"128":1,"130":1,"131":1,"132":1,"133":1,"134":1,"135":1,"136":1,"137":1,"138":1,"140":1},"branchMap":{"0":{"type":"branch","line":12,"loc":{"start":{"line":12,"column":30},"end":{"line":129,"column":1}},"locations":[{"start":{"line":12,"column":30},"end":{"line":129,"column":1}}]},"1":{"type":"branch","line":36,"loc":{"start":{"line":36,"column":16},"end":{"line":38,"column":3}},"locations":[{"start":{"line":36,"column":16},"end":{"line":38,"column":3}}]},"2":{"type":"branch","line":37,"loc":{"start":{"line":37,"column":39},"end":{"line":37,"column":83}},"locations":[{"start":{"line":37,"column":39},"end":{"line":37,"column":83}}]},"3":{"type":"branch","line":40,"loc":{"start":{"line":40,"column":16},"end":{"line":42,"column":3}},"locations":[{"start":{"line":40,"column":16},"end":{"line":42,"column":3}}]},"4":{"type":"branch","line":41,"loc":{"start":{"line":41,"column":54},"end":{"line":41,"column":123}},"locations":[{"start":{"line":41,"column":54},"end":{"line":41,"column":123}}]},"5":{"type":"branch","line":54,"loc":{"start":{"line":54,"column":19},"end":{"line":76,"column":3}},"locations":[{"start":{"line":54,"column":19},"end":{"line":76,"column":3}}]},"6":{"type":"branch","line":56,"loc":{"start":{"line":56,"column":39},"end":{"line":71,"column":56}},"locations":[{"start":{"line":56,"column":39},"end":{"line":71,"column":56}}]},"7":{"type":"branch","line":58,"loc":{"start":{"line":58,"column":54},"end":{"line":64,"column":24}},"locations":[{"start":{"line":58,"column":54},"end":{"line":64,"column":24}}]},"8":{"type":"branch","line":64,"loc":{"start":{"line":64,"column":13},"end":{"line":64,"column":45}},"locations":[{"start":{"line":64,"column":13},"end":{"line":64,"column":45}}]},"9":{"type":"branch","line":64,"loc":{"start":{"line":64,"column":45},"end":{"line":64,"column":95}},"locations":[{"start":{"line":64,"column":45},"end":{"line":64,"column":95}}]},"10":{"type":"branch","line":64,"loc":{"start":{"line":64,"column":93},"end":{"line":67,"column":15}},"locations":[{"start":{"line":64,"column":93},"end":{"line":67,"column":15}}]},"11":{"type":"branch","line":67,"loc":{"start":{"line":67,"column":6},"end":{"line":69,"column":7}},"locations":[{"start":{"line":67,"column":6},"end":{"line":69,"column":7}}]},"12":{"type":"branch","line":71,"loc":{"start":{"line":71,"column":56},"end":{"line":71,"column":106}},"locations":[{"start":{"line":71,"column":56},"end":{"line":71,"column":106}}]},"13":{"type":"branch","line":71,"loc":{"start":{"line":71,"column":104},"end":{"line":73,"column":29}},"locations":[{"start":{"line":71,"column":104},"end":{"line":73,"column":29}}]},"14":{"type":"branch","line":73,"loc":{"start":{"line":73,"column":23},"end":{"line":73,"column":73}},"locations":[{"start":{"line":73,"column":23},"end":{"line":73,"column":73}}]},"15":{"type":"branch","line":73,"loc":{"start":{"line":73,"column":71},"end":{"line":75,"column":24}},"locations":[{"start":{"line":73,"column":71},"end":{"line":75,"column":24}}]},"16":{"type":"branch","line":78,"loc":{"start":{"line":78,"column":19},"end":{"line":99,"column":3}},"locations":[{"start":{"line":78,"column":19},"end":{"line":99,"column":3}}]},"17":{"type":"branch","line":80,"loc":{"start":{"line":80,"column":43},"end":{"line":93,"column":5}},"locations":[{"start":{"line":80,"column":43},"end":{"line":93,"column":5}}]},"18":{"type":"branch","line":82,"loc":{"start":{"line":82,"column":34},"end":{"line":82,"column":57}},"locations":[{"start":{"line":82,"column":34},"end":{"line":82,"column":57}}]},"19":{"type":"branch","line":82,"loc":{"start":{"line":82,"column":41},"end":{"line":86,"column":77}},"locations":[{"start":{"line":82,"column":41},"end":{"line":86,"column":77}}]},"20":{"type":"branch","line":86,"loc":{"start":{"line":86,"column":75},"end":{"line":87,"column":55}},"locations":[{"start":{"line":86,"column":75},"end":{"line":87,"column":55}}]},"21":{"type":"branch","line":87,"loc":{"start":{"line":87,"column":55},"end":{"line":90,"column":15}},"locations":[{"start":{"line":87,"column":55},"end":{"line":90,"column":15}}]},"22":{"type":"branch","line":90,"loc":{"start":{"line":90,"column":6},"end":{"line":92,"column":7}},"locations":[{"start":{"line":90,"column":6},"end":{"line":92,"column":7}}]},"23":{"type":"branch","line":93,"loc":{"start":{"line":93,"column":4},"end":{"line":94,"column":52}},"locations":[{"start":{"line":93,"column":4},"end":{"line":94,"column":52}}]},"24":{"type":"branch","line":94,"loc":{"start":{"line":94,"column":52},"end":{"line":94,"column":107}},"locations":[{"start":{"line":94,"column":52},"end":{"line":94,"column":107}}]},"25":{"type":"branch","line":94,"loc":{"start":{"line":94,"column":105},"end":{"line":95,"column":96}},"locations":[{"start":{"line":94,"column":105},"end":{"line":95,"column":96}}]},"26":{"type":"branch","line":96,"loc":{"start":{"line":96,"column":16},"end":{"line":96,"column":71}},"locations":[{"start":{"line":96,"column":16},"end":{"line":96,"column":71}}]},"27":{"type":"branch","line":96,"loc":{"start":{"line":96,"column":69},"end":{"line":98,"column":17}},"locations":[{"start":{"line":96,"column":69},"end":{"line":98,"column":17}}]},"28":{"type":"branch","line":95,"loc":{"start":{"line":95,"column":52},"end":{"line":95,"column":89}},"locations":[{"start":{"line":95,"column":52},"end":{"line":95,"column":89}}]},"29":{"type":"branch","line":101,"loc":{"start":{"line":101,"column":16},"end":{"line":128,"column":3}},"locations":[{"start":{"line":101,"column":16},"end":{"line":128,"column":3}}]},"30":{"type":"branch","line":107,"loc":{"start":{"line":107,"column":13},"end":{"line":111,"column":5}},"locations":[{"start":{"line":107,"column":13},"end":{"line":111,"column":5}}]},"31":{"type":"branch","line":108,"loc":{"start":{"line":108,"column":27},"end":{"line":109,"column":55}},"locations":[{"start":{"line":108,"column":27},"end":{"line":109,"column":55}}]},"32":{"type":"branch","line":109,"loc":{"start":{"line":109,"column":11},"end":{"line":110,"column":69}},"locations":[{"start":{"line":109,"column":11},"end":{"line":110,"column":69}}]},"33":{"type":"branch","line":112,"loc":{"start":{"line":112,"column":23},"end":{"line":118,"column":5}},"locations":[{"start":{"line":112,"column":23},"end":{"line":118,"column":5}}]},"34":{"type":"branch","line":118,"loc":{"start":{"line":118,"column":4},"end":{"line":126,"column":5}},"locations":[{"start":{"line":118,"column":4},"end":{"line":126,"column":5}}]},"35":{"type":"branch","line":126,"loc":{"start":{"line":126,"column":4},"end":{"line":127,"column":61}},"locations":[{"start":{"line":126,"column":4},"end":{"line":127,"column":61}}]}},"b":{"0":[1],"1":[22],"2":[17],"3":[22],"4":[17],"5":[12],"6":[6],"7":[3],"8":[0],"9":[2],"10":[0],"11":[3],"12":[0],"13":[6],"14":[0],"15":[6],"16":[10],"17":[4],"18":[3],"19":[1],"20":[0],"21":[0],"22":[1],"23":[6],"24":[0],"25":[6],"26":[0],"27":[6],"28":[180],"29":[22],"30":[7],"31":[4],"32":[3],"33":[10],"34":[12],"35":[0]},"fnMap":{"0":{"name":"<static_initializer>","decl":{"start":{"line":12,"column":30},"end":{"line":129,"column":1}},"loc":{"start":{"line":12,"column":30},"end":{"line":129,"column":1}},"line":12},"1":{"name":"USStateConverter","decl":{"start":{"line":26,"column":10},"end":{"line":26,"column":27}},"loc":{"start":{"line":26,"column":10},"end":{"line":26,"column":27}},"line":26},"2":{"name":"getStates","decl":{"start":{"line":28,"column":16},"end":{"line":30,"column":3}},"loc":{"start":{"line":28,"column":16},"end":{"line":30,"column":3}},"line":28},"3":{"name":"getStateAbbreviations","decl":{"start":{"line":32,"column":16},"end":{"line":34,"column":3}},"loc":{"start":{"line":32,"column":16},"end":{"line":34,"column":3}},"line":32},"4":{"name":"isUSState","decl":{"start":{"line":36,"column":16},"end":{"line":38,"column":3}},"loc":{"start":{"line":36,"column":16},"end":{"line":38,"column":3}},"line":36},"5":{"name":"isUSStateAbbreviation","decl":{"start":{"line":40,"column":16},"end":{"line":42,"column":3}},"loc":{"start":{"line":40,"column":16},"end":{"line":42,"column":3}},"line":40},"6":{"name":"convertToAbbreviation","decl":{"start":{"line":54,"column":19},"end":{"line":76,"column":3}},"loc":{"start":{"line":54,"column":19},"end":{"line":76,"column":3}},"line":54},"7":{"name":"expandStateAbbreviation","decl":{"start":{"line":78,"column":19},"end":{"line":99,"column":3}},"loc":{"start":{"line":78,"column":19},"end":{"line":99,"column":3}},"line":78},"8":{"name":"convert","decl":{"start":{"line":101,"column":16},"end":{"line":128,"column":3}},"loc":{"start":{"line":101,"column":16},"end":{"line":128,"column":3}},"line":101}},"f":{"0":1,"1":0,"2":0,"3":0,"4":22,"5":22,"6":12,"7":10,"8":22}}
}
